CRITICAL - 2020-06-12 08:31:35 --> Access denied for user '****'@'localhost' (using password: YES)
#0 /Users/jinxingle/Documents/code/github_project/codeigniter4-AdminLTE/system/Database/BaseConnection.php(377): CodeIgniter\Database\MySQLi\Connection->connect(false)
#1 /Users/jinxingle/Documents/code/github_project/codeigniter4-AdminLTE/system/Database/BaseConnection.php(643): CodeIgniter\Database\BaseConnection->initialize()
#2 /Users/jinxingle/Documents/code/github_project/codeigniter4-AdminLTE/system/Database/BaseBuilder.php(1819): CodeIgniter\Database\BaseConnection->query('SELECT *\nFROM `...', Array, false)
#3 /Users/jinxingle/Documents/code/github_project/codeigniter4-AdminLTE/app/Controllers/admin/AdminController.php(214): CodeIgniter\Database\BaseBuilder->get()
#4 /Users/jinxingle/Documents/code/github_project/codeigniter4-AdminLTE/app/Controllers/admin/AdminController.php(202): App\Controllers\admin\MemberController->check_member()
#5 /Users/jinxingle/Documents/code/github_project/codeigniter4-AdminLTE/app/Controllers/admin/AdminController.php(368): App\Controllers\admin\MemberController->__construct()
#6 /Users/jinxingle/Documents/code/github_project/codeigniter4-AdminLTE/app/Controllers/admin/StaffController.php(17): App\Controllers\admin\AdminController->__construct()
#7 /Users/jinxingle/Documents/code/github_project/codeigniter4-AdminLTE/system/CodeIgniter.php(882): App\Controllers\admin\StaffController->__construct()
#8 /Users/jinxingle/Documents/code/github_project/codeigniter4-AdminLTE/system/CodeIgniter.php(393): CodeIgniter\CodeIgniter->createController()
#9 /Users/jinxingle/Documents/code/github_project/codeigniter4-AdminLTE/system/CodeIgniter.php(306): CodeIgniter\CodeIgniter->handleRequest(NULL, Object(Config\Cache), false)
#10 /Users/jinxingle/Documents/code/github_project/codeigniter4-AdminLTE/public/index.php(45): CodeIgniter\CodeIgniter->run()
#11 {main}
CRITICAL - 2020-06-12 21:41:49 --> ini_set(): Headers already sent. You cannot change the session module's ini settings at this time
#0 [internal function]: CodeIgniter\Debug\Exceptions->errorHandler(2, 'ini_set(): Head...', '/Users/jinxingl...', 101, Array)
#1 /Users/jinxingle/Documents/code/github_project/codeigniter4-AdminLTE/system/Session/Handlers/FileHandler.php(101): ini_set('session.save_pa...', '/Users/jinxingl...')
#2 /Users/jinxingle/Documents/code/github_project/codeigniter4-AdminLTE/system/Config/Services.php(765): CodeIgniter\Session\Handlers\FileHandler->__construct(Object(Config\App), '127.0.0.1')
#3 /Users/jinxingle/Documents/code/github_project/codeigniter4-AdminLTE/system/Config/BaseService.php(123): CodeIgniter\Config\Services::session(Object(Config\App), false)
#4 /Users/jinxingle/Documents/code/github_project/codeigniter4-AdminLTE/system/Config/Services.php(754): CodeIgniter\Config\BaseService::getSharedInstance('session', NULL)
#5 /Users/jinxingle/Documents/code/github_project/codeigniter4-AdminLTE/system/Common.php(879): CodeIgniter\Config\Services::session()
#6 /Users/jinxingle/Documents/code/github_project/codeigniter4-AdminLTE/app/Controllers/admin/ManageController.php(52): session('a_id')
#7 /Users/jinxingle/Documents/code/github_project/codeigniter4-AdminLTE/system/CodeIgniter.php(910): App\Controllers\admin\ManageController->login()
#8 /Users/jinxingle/Documents/code/github_project/codeigniter4-AdminLTE/system/CodeIgniter.php(398): CodeIgniter\CodeIgniter->runController(Object(App\Controllers\admin\ManageController))
#9 /Users/jinxingle/Documents/code/github_project/codeigniter4-AdminLTE/system/CodeIgniter.php(306): CodeIgniter\CodeIgniter->handleRequest(NULL, Object(Config\Cache), false)
#10 /Users/jinxingle/Documents/code/github_project/codeigniter4-AdminLTE/public/index.php(45): CodeIgniter\CodeIgniter->run()
#11 {main}
CRITICAL - 2020-06-12 21:41:49 --> Uncaught ErrorException: Cannot modify header information - headers already sent by (output started at /Users/jinxingle/Documents/code/github_project/codeigniter4-AdminLTE/app/Config/Events.php:27) in /Users/jinxingle/Documents/code/github_project/codeigniter4-AdminLTE/system/Debug/Exceptions.php:161
Stack trace:
#0 [internal function]: CodeIgniter\Debug\Exceptions->errorHandler(2, 'Cannot modify h...', '/Users/jinxingl...', 161, Array)
#1 /Users/jinxingle/Documents/code/github_project/codeigniter4-AdminLTE/system/Debug/Exceptions.php(161): header('HTTP/1.1 500 In...', true, 500)
#2 [internal function]: CodeIgniter\Debug\Exceptions->exceptionHandler(Object(ErrorException))
#3 {main}
  thrown
#0 [internal function]: CodeIgniter\Debug\Exceptions->shutdownHandler()
#1 {main}
CRITICAL - 2020-06-12 21:42:26 --> ini_set(): Headers already sent. You cannot change the session module's ini settings at this time
#0 [internal function]: CodeIgniter\Debug\Exceptions->errorHandler(2, 'ini_set(): Head...', '/Users/jinxingl...', 101, Array)
#1 /Users/jinxingle/Documents/code/github_project/codeigniter4-AdminLTE/system/Session/Handlers/FileHandler.php(101): ini_set('session.save_pa...', '/Users/jinxingl...')
#2 /Users/jinxingle/Documents/code/github_project/codeigniter4-AdminLTE/system/Config/Services.php(765): CodeIgniter\Session\Handlers\FileHandler->__construct(Object(Config\App), '127.0.0.1')
#3 /Users/jinxingle/Documents/code/github_project/codeigniter4-AdminLTE/system/Config/BaseService.php(123): CodeIgniter\Config\Services::session(Object(Config\App), false)
#4 /Users/jinxingle/Documents/code/github_project/codeigniter4-AdminLTE/system/Config/Services.php(754): CodeIgniter\Config\BaseService::getSharedInstance('session', NULL)
#5 /Users/jinxingle/Documents/code/github_project/codeigniter4-AdminLTE/system/Common.php(879): CodeIgniter\Config\Services::session()
#6 /Users/jinxingle/Documents/code/github_project/codeigniter4-AdminLTE/app/Controllers/admin/ManageController.php(52): session('a_id')
#7 /Users/jinxingle/Documents/code/github_project/codeigniter4-AdminLTE/system/CodeIgniter.php(910): App\Controllers\admin\ManageController->login()
#8 /Users/jinxingle/Documents/code/github_project/codeigniter4-AdminLTE/system/CodeIgniter.php(398): CodeIgniter\CodeIgniter->runController(Object(App\Controllers\admin\ManageController))
#9 /Users/jinxingle/Documents/code/github_project/codeigniter4-AdminLTE/system/CodeIgniter.php(306): CodeIgniter\CodeIgniter->handleRequest(NULL, Object(Config\Cache), false)
#10 /Users/jinxingle/Documents/code/github_project/codeigniter4-AdminLTE/public/index.php(45): CodeIgniter\CodeIgniter->run()
#11 {main}
CRITICAL - 2020-06-12 21:42:26 --> Uncaught ErrorException: Cannot modify header information - headers already sent by (output started at /Users/jinxingle/Documents/code/github_project/codeigniter4-AdminLTE/app/Config/Events.php:27) in /Users/jinxingle/Documents/code/github_project/codeigniter4-AdminLTE/system/Debug/Exceptions.php:161
Stack trace:
#0 [internal function]: CodeIgniter\Debug\Exceptions->errorHandler(2, 'Cannot modify h...', '/Users/jinxingl...', 161, Array)
#1 /Users/jinxingle/Documents/code/github_project/codeigniter4-AdminLTE/system/Debug/Exceptions.php(161): header('HTTP/1.1 500 In...', true, 500)
#2 [internal function]: CodeIgniter\Debug\Exceptions->exceptionHandler(Object(ErrorException))
#3 {main}
  thrown
#0 [internal function]: CodeIgniter\Debug\Exceptions->shutdownHandler()
#1 {main}
CRITICAL - 2020-06-12 21:42:27 --> ini_set(): Headers already sent. You cannot change the session module's ini settings at this time
#0 [internal function]: CodeIgniter\Debug\Exceptions->errorHandler(2, 'ini_set(): Head...', '/Users/jinxingl...', 101, Array)
#1 /Users/jinxingle/Documents/code/github_project/codeigniter4-AdminLTE/system/Session/Handlers/FileHandler.php(101): ini_set('session.save_pa...', '/Users/jinxingl...')
#2 /Users/jinxingle/Documents/code/github_project/codeigniter4-AdminLTE/system/Config/Services.php(765): CodeIgniter\Session\Handlers\FileHandler->__construct(Object(Config\App), '127.0.0.1')
#3 /Users/jinxingle/Documents/code/github_project/codeigniter4-AdminLTE/system/Config/BaseService.php(123): CodeIgniter\Config\Services::session(Object(Config\App), false)
#4 /Users/jinxingle/Documents/code/github_project/codeigniter4-AdminLTE/system/Config/Services.php(754): CodeIgniter\Config\BaseService::getSharedInstance('session', NULL)
#5 /Users/jinxingle/Documents/code/github_project/codeigniter4-AdminLTE/system/Common.php(879): CodeIgniter\Config\Services::session()
#6 /Users/jinxingle/Documents/code/github_project/codeigniter4-AdminLTE/app/Controllers/admin/ManageController.php(52): session('a_id')
#7 /Users/jinxingle/Documents/code/github_project/codeigniter4-AdminLTE/system/CodeIgniter.php(910): App\Controllers\admin\ManageController->login()
#8 /Users/jinxingle/Documents/code/github_project/codeigniter4-AdminLTE/system/CodeIgniter.php(398): CodeIgniter\CodeIgniter->runController(Object(App\Controllers\admin\ManageController))
#9 /Users/jinxingle/Documents/code/github_project/codeigniter4-AdminLTE/system/CodeIgniter.php(306): CodeIgniter\CodeIgniter->handleRequest(NULL, Object(Config\Cache), false)
#10 /Users/jinxingle/Documents/code/github_project/codeigniter4-AdminLTE/public/index.php(45): CodeIgniter\CodeIgniter->run()
#11 {main}
CRITICAL - 2020-06-12 21:42:27 --> Uncaught ErrorException: Cannot modify header information - headers already sent by (output started at /Users/jinxingle/Documents/code/github_project/codeigniter4-AdminLTE/app/Config/Events.php:27) in /Users/jinxingle/Documents/code/github_project/codeigniter4-AdminLTE/system/Debug/Exceptions.php:161
Stack trace:
#0 [internal function]: CodeIgniter\Debug\Exceptions->errorHandler(2, 'Cannot modify h...', '/Users/jinxingl...', 161, Array)
#1 /Users/jinxingle/Documents/code/github_project/codeigniter4-AdminLTE/system/Debug/Exceptions.php(161): header('HTTP/1.1 500 In...', true, 500)
#2 [internal function]: CodeIgniter\Debug\Exceptions->exceptionHandler(Object(ErrorException))
#3 {main}
  thrown
#0 [internal function]: CodeIgniter\Debug\Exceptions->shutdownHandler()
#1 {main}
CRITICAL - 2020-06-12 21:43:19 --> ini_set(): Headers already sent. You cannot change the session module's ini settings at this time
#0 [internal function]: CodeIgniter\Debug\Exceptions->errorHandler(2, 'ini_set(): Head...', '/Users/jinxingl...', 101, Array)
#1 /Users/jinxingle/Documents/code/github_project/codeigniter4-AdminLTE/system/Session/Handlers/FileHandler.php(101): ini_set('session.save_pa...', '/Users/jinxingl...')
#2 /Users/jinxingle/Documents/code/github_project/codeigniter4-AdminLTE/system/Config/Services.php(765): CodeIgniter\Session\Handlers\FileHandler->__construct(Object(Config\App), '127.0.0.1')
#3 /Users/jinxingle/Documents/code/github_project/codeigniter4-AdminLTE/system/Config/BaseService.php(123): CodeIgniter\Config\Services::session(Object(Config\App), false)
#4 /Users/jinxingle/Documents/code/github_project/codeigniter4-AdminLTE/system/Config/Services.php(754): CodeIgniter\Config\BaseService::getSharedInstance('session', NULL)
#5 /Users/jinxingle/Documents/code/github_project/codeigniter4-AdminLTE/system/Common.php(879): CodeIgniter\Config\Services::session()
#6 /Users/jinxingle/Documents/code/github_project/codeigniter4-AdminLTE/app/Controllers/admin/ManageController.php(52): session('a_id')
#7 /Users/jinxingle/Documents/code/github_project/codeigniter4-AdminLTE/system/CodeIgniter.php(910): App\Controllers\admin\ManageController->login()
#8 /Users/jinxingle/Documents/code/github_project/codeigniter4-AdminLTE/system/CodeIgniter.php(398): CodeIgniter\CodeIgniter->runController(Object(App\Controllers\admin\ManageController))
#9 /Users/jinxingle/Documents/code/github_project/codeigniter4-AdminLTE/system/CodeIgniter.php(306): CodeIgniter\CodeIgniter->handleRequest(NULL, Object(Config\Cache), false)
#10 /Users/jinxingle/Documents/code/github_project/codeigniter4-AdminLTE/public/index.php(45): CodeIgniter\CodeIgniter->run()
#11 {main}
CRITICAL - 2020-06-12 21:43:19 --> Uncaught ErrorException: Cannot modify header information - headers already sent by (output started at /Users/jinxingle/Documents/code/github_project/codeigniter4-AdminLTE/app/Config/Events.php:27) in /Users/jinxingle/Documents/code/github_project/codeigniter4-AdminLTE/system/Debug/Exceptions.php:161
Stack trace:
#0 [internal function]: CodeIgniter\Debug\Exceptions->errorHandler(2, 'Cannot modify h...', '/Users/jinxingl...', 161, Array)
#1 /Users/jinxingle/Documents/code/github_project/codeigniter4-AdminLTE/system/Debug/Exceptions.php(161): header('HTTP/1.1 500 In...', true, 500)
#2 [internal function]: CodeIgniter\Debug\Exceptions->exceptionHandler(Object(ErrorException))
#3 {main}
  thrown
#0 [internal function]: CodeIgniter\Debug\Exceptions->shutdownHandler()
#1 {main}
CRITICAL - 2020-06-12 21:44:08 --> ini_set(): Headers already sent. You cannot change the session module's ini settings at this time
#0 [internal function]: CodeIgniter\Debug\Exceptions->errorHandler(2, 'ini_set(): Head...', '/Users/jinxingl...', 101, Array)
#1 /Users/jinxingle/Documents/code/github_project/codeigniter4-AdminLTE/system/Session/Handlers/FileHandler.php(101): ini_set('session.save_pa...', '/Users/jinxingl...')
#2 /Users/jinxingle/Documents/code/github_project/codeigniter4-AdminLTE/system/Config/Services.php(765): CodeIgniter\Session\Handlers\FileHandler->__construct(Object(Config\App), '127.0.0.1')
#3 /Users/jinxingle/Documents/code/github_project/codeigniter4-AdminLTE/system/Config/BaseService.php(123): CodeIgniter\Config\Services::session(Object(Config\App), false)
#4 /Users/jinxingle/Documents/code/github_project/codeigniter4-AdminLTE/system/Config/Services.php(754): CodeIgniter\Config\BaseService::getSharedInstance('session', NULL)
#5 /Users/jinxingle/Documents/code/github_project/codeigniter4-AdminLTE/system/Common.php(879): CodeIgniter\Config\Services::session()
#6 /Users/jinxingle/Documents/code/github_project/codeigniter4-AdminLTE/app/Controllers/admin/ManageController.php(52): session('a_id')
#7 /Users/jinxingle/Documents/code/github_project/codeigniter4-AdminLTE/system/CodeIgniter.php(910): App\Controllers\admin\ManageController->login()
#8 /Users/jinxingle/Documents/code/github_project/codeigniter4-AdminLTE/system/CodeIgniter.php(398): CodeIgniter\CodeIgniter->runController(Object(App\Controllers\admin\ManageController))
#9 /Users/jinxingle/Documents/code/github_project/codeigniter4-AdminLTE/system/CodeIgniter.php(306): CodeIgniter\CodeIgniter->handleRequest(NULL, Object(Config\Cache), false)
#10 /Users/jinxingle/Documents/code/github_project/codeigniter4-AdminLTE/public/index.php(45): CodeIgniter\CodeIgniter->run()
#11 {main}
CRITICAL - 2020-06-12 21:44:08 --> Uncaught ErrorException: Cannot modify header information - headers already sent by (output started at /Users/jinxingle/Documents/code/github_project/codeigniter4-AdminLTE/app/Config/Events.php:27) in /Users/jinxingle/Documents/code/github_project/codeigniter4-AdminLTE/system/Debug/Exceptions.php:161
Stack trace:
#0 [internal function]: CodeIgniter\Debug\Exceptions->errorHandler(2, 'Cannot modify h...', '/Users/jinxingl...', 161, Array)
#1 /Users/jinxingle/Documents/code/github_project/codeigniter4-AdminLTE/system/Debug/Exceptions.php(161): header('HTTP/1.1 500 In...', true, 500)
#2 [internal function]: CodeIgniter\Debug\Exceptions->exceptionHandler(Object(ErrorException))
#3 {main}
  thrown
#0 [internal function]: CodeIgniter\Debug\Exceptions->shutdownHandler()
#1 {main}
CRITICAL - 2020-06-12 21:44:28 --> ini_set(): Headers already sent. You cannot change the session module's ini settings at this time
#0 [internal function]: CodeIgniter\Debug\Exceptions->errorHandler(2, 'ini_set(): Head...', '/Users/jinxingl...', 101, Array)
#1 /Users/jinxingle/Documents/code/github_project/codeigniter4-AdminLTE/system/Session/Handlers/FileHandler.php(101): ini_set('session.save_pa...', '/Users/jinxingl...')
#2 /Users/jinxingle/Documents/code/github_project/codeigniter4-AdminLTE/system/Config/Services.php(765): CodeIgniter\Session\Handlers\FileHandler->__construct(Object(Config\App), '127.0.0.1')
#3 /Users/jinxingle/Documents/code/github_project/codeigniter4-AdminLTE/system/Config/BaseService.php(123): CodeIgniter\Config\Services::session(Object(Config\App), false)
#4 /Users/jinxingle/Documents/code/github_project/codeigniter4-AdminLTE/system/Config/Services.php(754): CodeIgniter\Config\BaseService::getSharedInstance('session', NULL)
#5 /Users/jinxingle/Documents/code/github_project/codeigniter4-AdminLTE/system/Common.php(879): CodeIgniter\Config\Services::session()
#6 /Users/jinxingle/Documents/code/github_project/codeigniter4-AdminLTE/app/Controllers/admin/ManageController.php(52): session('a_id')
#7 /Users/jinxingle/Documents/code/github_project/codeigniter4-AdminLTE/system/CodeIgniter.php(910): App\Controllers\admin\ManageController->login()
#8 /Users/jinxingle/Documents/code/github_project/codeigniter4-AdminLTE/system/CodeIgniter.php(398): CodeIgniter\CodeIgniter->runController(Object(App\Controllers\admin\ManageController))
#9 /Users/jinxingle/Documents/code/github_project/codeigniter4-AdminLTE/system/CodeIgniter.php(306): CodeIgniter\CodeIgniter->handleRequest(NULL, Object(Config\Cache), false)
#10 /Users/jinxingle/Documents/code/github_project/codeigniter4-AdminLTE/public/index.php(45): CodeIgniter\CodeIgniter->run()
#11 {main}
CRITICAL - 2020-06-12 21:44:28 --> Uncaught ErrorException: Cannot modify header information - headers already sent by (output started at /Users/jinxingle/Documents/code/github_project/codeigniter4-AdminLTE/app/Config/Events.php:27) in /Users/jinxingle/Documents/code/github_project/codeigniter4-AdminLTE/system/Debug/Exceptions.php:161
Stack trace:
#0 [internal function]: CodeIgniter\Debug\Exceptions->errorHandler(2, 'Cannot modify h...', '/Users/jinxingl...', 161, Array)
#1 /Users/jinxingle/Documents/code/github_project/codeigniter4-AdminLTE/system/Debug/Exceptions.php(161): header('HTTP/1.1 500 In...', true, 500)
#2 [internal function]: CodeIgniter\Debug\Exceptions->exceptionHandler(Object(ErrorException))
#3 {main}
  thrown
#0 [internal function]: CodeIgniter\Debug\Exceptions->shutdownHandler()
#1 {main}
CRITICAL - 2020-06-12 21:44:29 --> ini_set(): Headers already sent. You cannot change the session module's ini settings at this time
#0 [internal function]: CodeIgniter\Debug\Exceptions->errorHandler(2, 'ini_set(): Head...', '/Users/jinxingl...', 101, Array)
#1 /Users/jinxingle/Documents/code/github_project/codeigniter4-AdminLTE/system/Session/Handlers/FileHandler.php(101): ini_set('session.save_pa...', '/Users/jinxingl...')
#2 /Users/jinxingle/Documents/code/github_project/codeigniter4-AdminLTE/system/Config/Services.php(765): CodeIgniter\Session\Handlers\FileHandler->__construct(Object(Config\App), '127.0.0.1')
#3 /Users/jinxingle/Documents/code/github_project/codeigniter4-AdminLTE/system/Config/BaseService.php(123): CodeIgniter\Config\Services::session(Object(Config\App), false)
#4 /Users/jinxingle/Documents/code/github_project/codeigniter4-AdminLTE/system/Config/Services.php(754): CodeIgniter\Config\BaseService::getSharedInstance('session', NULL)
#5 /Users/jinxingle/Documents/code/github_project/codeigniter4-AdminLTE/system/Common.php(879): CodeIgniter\Config\Services::session()
#6 /Users/jinxingle/Documents/code/github_project/codeigniter4-AdminLTE/app/Controllers/admin/ManageController.php(52): session('a_id')
#7 /Users/jinxingle/Documents/code/github_project/codeigniter4-AdminLTE/system/CodeIgniter.php(910): App\Controllers\admin\ManageController->login()
#8 /Users/jinxingle/Documents/code/github_project/codeigniter4-AdminLTE/system/CodeIgniter.php(398): CodeIgniter\CodeIgniter->runController(Object(App\Controllers\admin\ManageController))
#9 /Users/jinxingle/Documents/code/github_project/codeigniter4-AdminLTE/system/CodeIgniter.php(306): CodeIgniter\CodeIgniter->handleRequest(NULL, Object(Config\Cache), false)
#10 /Users/jinxingle/Documents/code/github_project/codeigniter4-AdminLTE/public/index.php(45): CodeIgniter\CodeIgniter->run()
#11 {main}
CRITICAL - 2020-06-12 21:44:29 --> Uncaught ErrorException: Cannot modify header information - headers already sent by (output started at /Users/jinxingle/Documents/code/github_project/codeigniter4-AdminLTE/app/Config/Events.php:27) in /Users/jinxingle/Documents/code/github_project/codeigniter4-AdminLTE/system/Debug/Exceptions.php:161
Stack trace:
#0 [internal function]: CodeIgniter\Debug\Exceptions->errorHandler(2, 'Cannot modify h...', '/Users/jinxingl...', 161, Array)
#1 /Users/jinxingle/Documents/code/github_project/codeigniter4-AdminLTE/system/Debug/Exceptions.php(161): header('HTTP/1.1 500 In...', true, 500)
#2 [internal function]: CodeIgniter\Debug\Exceptions->exceptionHandler(Object(ErrorException))
#3 {main}
  thrown
#0 [internal function]: CodeIgniter\Debug\Exceptions->shutdownHandler()
#1 {main}
CRITICAL - 2020-06-12 21:44:30 --> ini_set(): Headers already sent. You cannot change the session module's ini settings at this time
#0 [internal function]: CodeIgniter\Debug\Exceptions->errorHandler(2, 'ini_set(): Head...', '/Users/jinxingl...', 101, Array)
#1 /Users/jinxingle/Documents/code/github_project/codeigniter4-AdminLTE/system/Session/Handlers/FileHandler.php(101): ini_set('session.save_pa...', '/Users/jinxingl...')
#2 /Users/jinxingle/Documents/code/github_project/codeigniter4-AdminLTE/system/Config/Services.php(765): CodeIgniter\Session\Handlers\FileHandler->__construct(Object(Config\App), '127.0.0.1')
#3 /Users/jinxingle/Documents/code/github_project/codeigniter4-AdminLTE/system/Config/BaseService.php(123): CodeIgniter\Config\Services::session(Object(Config\App), false)
#4 /Users/jinxingle/Documents/code/github_project/codeigniter4-AdminLTE/system/Config/Services.php(754): CodeIgniter\Config\BaseService::getSharedInstance('session', NULL)
#5 /Users/jinxingle/Documents/code/github_project/codeigniter4-AdminLTE/system/Common.php(879): CodeIgniter\Config\Services::session()
#6 /Users/jinxingle/Documents/code/github_project/codeigniter4-AdminLTE/app/Controllers/admin/ManageController.php(52): session('a_id')
#7 /Users/jinxingle/Documents/code/github_project/codeigniter4-AdminLTE/system/CodeIgniter.php(910): App\Controllers\admin\ManageController->login()
#8 /Users/jinxingle/Documents/code/github_project/codeigniter4-AdminLTE/system/CodeIgniter.php(398): CodeIgniter\CodeIgniter->runController(Object(App\Controllers\admin\ManageController))
#9 /Users/jinxingle/Documents/code/github_project/codeigniter4-AdminLTE/system/CodeIgniter.php(306): CodeIgniter\CodeIgniter->handleRequest(NULL, Object(Config\Cache), false)
#10 /Users/jinxingle/Documents/code/github_project/codeigniter4-AdminLTE/public/index.php(45): CodeIgniter\CodeIgniter->run()
#11 {main}
CRITICAL - 2020-06-12 21:44:30 --> Uncaught ErrorException: Cannot modify header information - headers already sent by (output started at /Users/jinxingle/Documents/code/github_project/codeigniter4-AdminLTE/app/Config/Events.php:27) in /Users/jinxingle/Documents/code/github_project/codeigniter4-AdminLTE/system/Debug/Exceptions.php:161
Stack trace:
#0 [internal function]: CodeIgniter\Debug\Exceptions->errorHandler(2, 'Cannot modify h...', '/Users/jinxingl...', 161, Array)
#1 /Users/jinxingle/Documents/code/github_project/codeigniter4-AdminLTE/system/Debug/Exceptions.php(161): header('HTTP/1.1 500 In...', true, 500)
#2 [internal function]: CodeIgniter\Debug\Exceptions->exceptionHandler(Object(ErrorException))
#3 {main}
  thrown
#0 [internal function]: CodeIgniter\Debug\Exceptions->shutdownHandler()
#1 {main}
CRITICAL - 2020-06-12 21:44:30 --> ini_set(): Headers already sent. You cannot change the session module's ini settings at this time
#0 [internal function]: CodeIgniter\Debug\Exceptions->errorHandler(2, 'ini_set(): Head...', '/Users/jinxingl...', 101, Array)
#1 /Users/jinxingle/Documents/code/github_project/codeigniter4-AdminLTE/system/Session/Handlers/FileHandler.php(101): ini_set('session.save_pa...', '/Users/jinxingl...')
#2 /Users/jinxingle/Documents/code/github_project/codeigniter4-AdminLTE/system/Config/Services.php(765): CodeIgniter\Session\Handlers\FileHandler->__construct(Object(Config\App), '127.0.0.1')
#3 /Users/jinxingle/Documents/code/github_project/codeigniter4-AdminLTE/system/Config/BaseService.php(123): CodeIgniter\Config\Services::session(Object(Config\App), false)
#4 /Users/jinxingle/Documents/code/github_project/codeigniter4-AdminLTE/system/Config/Services.php(754): CodeIgniter\Config\BaseService::getSharedInstance('session', NULL)
#5 /Users/jinxingle/Documents/code/github_project/codeigniter4-AdminLTE/system/Common.php(879): CodeIgniter\Config\Services::session()
#6 /Users/jinxingle/Documents/code/github_project/codeigniter4-AdminLTE/app/Controllers/admin/ManageController.php(52): session('a_id')
#7 /Users/jinxingle/Documents/code/github_project/codeigniter4-AdminLTE/system/CodeIgniter.php(910): App\Controllers\admin\ManageController->login()
#8 /Users/jinxingle/Documents/code/github_project/codeigniter4-AdminLTE/system/CodeIgniter.php(398): CodeIgniter\CodeIgniter->runController(Object(App\Controllers\admin\ManageController))
#9 /Users/jinxingle/Documents/code/github_project/codeigniter4-AdminLTE/system/CodeIgniter.php(306): CodeIgniter\CodeIgniter->handleRequest(NULL, Object(Config\Cache), false)
#10 /Users/jinxingle/Documents/code/github_project/codeigniter4-AdminLTE/public/index.php(45): CodeIgniter\CodeIgniter->run()
#11 {main}
CRITICAL - 2020-06-12 21:44:30 --> Uncaught ErrorException: Cannot modify header information - headers already sent by (output started at /Users/jinxingle/Documents/code/github_project/codeigniter4-AdminLTE/app/Config/Events.php:27) in /Users/jinxingle/Documents/code/github_project/codeigniter4-AdminLTE/system/Debug/Exceptions.php:161
Stack trace:
#0 [internal function]: CodeIgniter\Debug\Exceptions->errorHandler(2, 'Cannot modify h...', '/Users/jinxingl...', 161, Array)
#1 /Users/jinxingle/Documents/code/github_project/codeigniter4-AdminLTE/system/Debug/Exceptions.php(161): header('HTTP/1.1 500 In...', true, 500)
#2 [internal function]: CodeIgniter\Debug\Exceptions->exceptionHandler(Object(ErrorException))
#3 {main}
  thrown
#0 [internal function]: CodeIgniter\Debug\Exceptions->shutdownHandler()
#1 {main}
CRITICAL - 2020-06-12 21:44:30 --> ini_set(): Headers already sent. You cannot change the session module's ini settings at this time
#0 [internal function]: CodeIgniter\Debug\Exceptions->errorHandler(2, 'ini_set(): Head...', '/Users/jinxingl...', 101, Array)
#1 /Users/jinxingle/Documents/code/github_project/codeigniter4-AdminLTE/system/Session/Handlers/FileHandler.php(101): ini_set('session.save_pa...', '/Users/jinxingl...')
#2 /Users/jinxingle/Documents/code/github_project/codeigniter4-AdminLTE/system/Config/Services.php(765): CodeIgniter\Session\Handlers\FileHandler->__construct(Object(Config\App), '127.0.0.1')
#3 /Users/jinxingle/Documents/code/github_project/codeigniter4-AdminLTE/system/Config/BaseService.php(123): CodeIgniter\Config\Services::session(Object(Config\App), false)
#4 /Users/jinxingle/Documents/code/github_project/codeigniter4-AdminLTE/system/Config/Services.php(754): CodeIgniter\Config\BaseService::getSharedInstance('session', NULL)
#5 /Users/jinxingle/Documents/code/github_project/codeigniter4-AdminLTE/system/Common.php(879): CodeIgniter\Config\Services::session()
#6 /Users/jinxingle/Documents/code/github_project/codeigniter4-AdminLTE/app/Controllers/admin/ManageController.php(52): session('a_id')
#7 /Users/jinxingle/Documents/code/github_project/codeigniter4-AdminLTE/system/CodeIgniter.php(910): App\Controllers\admin\ManageController->login()
#8 /Users/jinxingle/Documents/code/github_project/codeigniter4-AdminLTE/system/CodeIgniter.php(398): CodeIgniter\CodeIgniter->runController(Object(App\Controllers\admin\ManageController))
#9 /Users/jinxingle/Documents/code/github_project/codeigniter4-AdminLTE/system/CodeIgniter.php(306): CodeIgniter\CodeIgniter->handleRequest(NULL, Object(Config\Cache), false)
#10 /Users/jinxingle/Documents/code/github_project/codeigniter4-AdminLTE/public/index.php(45): CodeIgniter\CodeIgniter->run()
#11 {main}
CRITICAL - 2020-06-12 21:44:30 --> Uncaught ErrorException: Cannot modify header information - headers already sent by (output started at /Users/jinxingle/Documents/code/github_project/codeigniter4-AdminLTE/app/Config/Events.php:27) in /Users/jinxingle/Documents/code/github_project/codeigniter4-AdminLTE/system/Debug/Exceptions.php:161
Stack trace:
#0 [internal function]: CodeIgniter\Debug\Exceptions->errorHandler(2, 'Cannot modify h...', '/Users/jinxingl...', 161, Array)
#1 /Users/jinxingle/Documents/code/github_project/codeigniter4-AdminLTE/system/Debug/Exceptions.php(161): header('HTTP/1.1 500 In...', true, 500)
#2 [internal function]: CodeIgniter\Debug\Exceptions->exceptionHandler(Object(ErrorException))
#3 {main}
  thrown
#0 [internal function]: CodeIgniter\Debug\Exceptions->shutdownHandler()
#1 {main}
CRITICAL - 2020-06-12 21:45:15 --> ini_set(): Headers already sent. You cannot change the session module's ini settings at this time
#0 [internal function]: CodeIgniter\Debug\Exceptions->errorHandler(2, 'ini_set(): Head...', '/Users/jinxingl...', 101, Array)
#1 /Users/jinxingle/Documents/code/github_project/codeigniter4-AdminLTE/system/Session/Handlers/FileHandler.php(101): ini_set('session.save_pa...', '/Users/jinxingl...')
#2 /Users/jinxingle/Documents/code/github_project/codeigniter4-AdminLTE/system/Config/Services.php(765): CodeIgniter\Session\Handlers\FileHandler->__construct(Object(Config\App), '127.0.0.1')
#3 /Users/jinxingle/Documents/code/github_project/codeigniter4-AdminLTE/system/Config/BaseService.php(123): CodeIgniter\Config\Services::session(Object(Config\App), false)
#4 /Users/jinxingle/Documents/code/github_project/codeigniter4-AdminLTE/system/Config/Services.php(754): CodeIgniter\Config\BaseService::getSharedInstance('session', NULL)
#5 /Users/jinxingle/Documents/code/github_project/codeigniter4-AdminLTE/system/Common.php(879): CodeIgniter\Config\Services::session()
#6 /Users/jinxingle/Documents/code/github_project/codeigniter4-AdminLTE/app/Controllers/admin/ManageController.php(52): session('a_id')
#7 /Users/jinxingle/Documents/code/github_project/codeigniter4-AdminLTE/system/CodeIgniter.php(910): App\Controllers\admin\ManageController->login()
#8 /Users/jinxingle/Documents/code/github_project/codeigniter4-AdminLTE/system/CodeIgniter.php(398): CodeIgniter\CodeIgniter->runController(Object(App\Controllers\admin\ManageController))
#9 /Users/jinxingle/Documents/code/github_project/codeigniter4-AdminLTE/system/CodeIgniter.php(306): CodeIgniter\CodeIgniter->handleRequest(NULL, Object(Config\Cache), false)
#10 /Users/jinxingle/Documents/code/github_project/codeigniter4-AdminLTE/public/index.php(45): CodeIgniter\CodeIgniter->run()
#11 {main}
CRITICAL - 2020-06-12 21:45:15 --> Uncaught ErrorException: Cannot modify header information - headers already sent by (output started at /Users/jinxingle/Documents/code/github_project/codeigniter4-AdminLTE/app/Config/Events.php:27) in /Users/jinxingle/Documents/code/github_project/codeigniter4-AdminLTE/system/Debug/Exceptions.php:161
Stack trace:
#0 [internal function]: CodeIgniter\Debug\Exceptions->errorHandler(2, 'Cannot modify h...', '/Users/jinxingl...', 161, Array)
#1 /Users/jinxingle/Documents/code/github_project/codeigniter4-AdminLTE/system/Debug/Exceptions.php(161): header('HTTP/1.1 500 In...', true, 500)
#2 [internal function]: CodeIgniter\Debug\Exceptions->exceptionHandler(Object(ErrorException))
#3 {main}
  thrown
#0 [internal function]: CodeIgniter\Debug\Exceptions->shutdownHandler()
#1 {main}
CRITICAL - 2020-06-12 21:45:55 --> ini_set(): Headers already sent. You cannot change the session module's ini settings at this time
#0 [internal function]: CodeIgniter\Debug\Exceptions->errorHandler(2, 'ini_set(): Head...', '/Users/jinxingl...', 101, Array)
#1 /Users/jinxingle/Documents/code/github_project/codeigniter4-AdminLTE/system/Session/Handlers/FileHandler.php(101): ini_set('session.save_pa...', '/Users/jinxingl...')
#2 /Users/jinxingle/Documents/code/github_project/codeigniter4-AdminLTE/system/Config/Services.php(765): CodeIgniter\Session\Handlers\FileHandler->__construct(Object(Config\App), '127.0.0.1')
#3 /Users/jinxingle/Documents/code/github_project/codeigniter4-AdminLTE/system/Config/BaseService.php(123): CodeIgniter\Config\Services::session(Object(Config\App), false)
#4 /Users/jinxingle/Documents/code/github_project/codeigniter4-AdminLTE/system/Config/Services.php(754): CodeIgniter\Config\BaseService::getSharedInstance('session', NULL)
#5 /Users/jinxingle/Documents/code/github_project/codeigniter4-AdminLTE/system/Common.php(879): CodeIgniter\Config\Services::session()
#6 /Users/jinxingle/Documents/code/github_project/codeigniter4-AdminLTE/app/Controllers/admin/ManageController.php(52): session('a_id')
#7 /Users/jinxingle/Documents/code/github_project/codeigniter4-AdminLTE/system/CodeIgniter.php(910): App\Controllers\admin\ManageController->login()
#8 /Users/jinxingle/Documents/code/github_project/codeigniter4-AdminLTE/system/CodeIgniter.php(398): CodeIgniter\CodeIgniter->runController(Object(App\Controllers\admin\ManageController))
#9 /Users/jinxingle/Documents/code/github_project/codeigniter4-AdminLTE/system/CodeIgniter.php(306): CodeIgniter\CodeIgniter->handleRequest(NULL, Object(Config\Cache), false)
#10 /Users/jinxingle/Documents/code/github_project/codeigniter4-AdminLTE/public/index.php(45): CodeIgniter\CodeIgniter->run()
#11 {main}
CRITICAL - 2020-06-12 21:45:55 --> Uncaught ErrorException: Cannot modify header information - headers already sent by (output started at /Users/jinxingle/Documents/code/github_project/codeigniter4-AdminLTE/app/Config/Events.php:27) in /Users/jinxingle/Documents/code/github_project/codeigniter4-AdminLTE/system/Debug/Exceptions.php:161
Stack trace:
#0 [internal function]: CodeIgniter\Debug\Exceptions->errorHandler(2, 'Cannot modify h...', '/Users/jinxingl...', 161, Array)
#1 /Users/jinxingle/Documents/code/github_project/codeigniter4-AdminLTE/system/Debug/Exceptions.php(161): header('HTTP/1.1 500 In...', true, 500)
#2 [internal function]: CodeIgniter\Debug\Exceptions->exceptionHandler(Object(ErrorException))
#3 {main}
  thrown
#0 [internal function]: CodeIgniter\Debug\Exceptions->shutdownHandler()
#1 {main}
CRITICAL - 2020-06-12 21:47:03 --> ini_set(): Headers already sent. You cannot change the session module's ini settings at this time
#0 [internal function]: CodeIgniter\Debug\Exceptions->errorHandler(2, 'ini_set(): Head...', '/Users/jinxingl...', 101, Array)
#1 /Users/jinxingle/Documents/code/github_project/codeigniter4-AdminLTE/system/Session/Handlers/FileHandler.php(101): ini_set('session.save_pa...', '/Users/jinxingl...')
#2 /Users/jinxingle/Documents/code/github_project/codeigniter4-AdminLTE/system/Config/Services.php(765): CodeIgniter\Session\Handlers\FileHandler->__construct(Object(Config\App), '127.0.0.1')
#3 /Users/jinxingle/Documents/code/github_project/codeigniter4-AdminLTE/system/Config/BaseService.php(123): CodeIgniter\Config\Services::session(Object(Config\App), false)
#4 /Users/jinxingle/Documents/code/github_project/codeigniter4-AdminLTE/system/Config/Services.php(754): CodeIgniter\Config\BaseService::getSharedInstance('session', NULL)
#5 /Users/jinxingle/Documents/code/github_project/codeigniter4-AdminLTE/system/Common.php(879): CodeIgniter\Config\Services::session()
#6 /Users/jinxingle/Documents/code/github_project/codeigniter4-AdminLTE/app/Controllers/admin/ManageController.php(52): session('a_id')
#7 /Users/jinxingle/Documents/code/github_project/codeigniter4-AdminLTE/system/CodeIgniter.php(910): App\Controllers\admin\ManageController->login()
#8 /Users/jinxingle/Documents/code/github_project/codeigniter4-AdminLTE/system/CodeIgniter.php(398): CodeIgniter\CodeIgniter->runController(Object(App\Controllers\admin\ManageController))
#9 /Users/jinxingle/Documents/code/github_project/codeigniter4-AdminLTE/system/CodeIgniter.php(306): CodeIgniter\CodeIgniter->handleRequest(NULL, Object(Config\Cache), false)
#10 /Users/jinxingle/Documents/code/github_project/codeigniter4-AdminLTE/public/index.php(45): CodeIgniter\CodeIgniter->run()
#11 {main}
CRITICAL - 2020-06-12 21:47:03 --> Uncaught ErrorException: Cannot modify header information - headers already sent by (output started at /Users/jinxingle/Documents/code/github_project/codeigniter4-AdminLTE/app/Config/Events.php:27) in /Users/jinxingle/Documents/code/github_project/codeigniter4-AdminLTE/system/Debug/Exceptions.php:161
Stack trace:
#0 [internal function]: CodeIgniter\Debug\Exceptions->errorHandler(2, 'Cannot modify h...', '/Users/jinxingl...', 161, Array)
#1 /Users/jinxingle/Documents/code/github_project/codeigniter4-AdminLTE/system/Debug/Exceptions.php(161): header('HTTP/1.1 500 In...', true, 500)
#2 [internal function]: CodeIgniter\Debug\Exceptions->exceptionHandler(Object(ErrorException))
#3 {main}
  thrown
#0 [internal function]: CodeIgniter\Debug\Exceptions->shutdownHandler()
#1 {main}
CRITICAL - 2020-06-12 22:01:29 --> ini_set(): Headers already sent. You cannot change the session module's ini settings at this time
#0 [internal function]: CodeIgniter\Debug\Exceptions->errorHandler(2, 'ini_set(): Head...', '/Users/jinxingl...', 101, Array)
#1 /Users/jinxingle/Documents/code/github_project/codeigniter4-AdminLTE/system/Session/Handlers/FileHandler.php(101): ini_set('session.save_pa...', '/Users/jinxingl...')
#2 /Users/jinxingle/Documents/code/github_project/codeigniter4-AdminLTE/system/Config/Services.php(765): CodeIgniter\Session\Handlers\FileHandler->__construct(Object(Config\App), '127.0.0.1')
#3 /Users/jinxingle/Documents/code/github_project/codeigniter4-AdminLTE/system/Config/BaseService.php(123): CodeIgniter\Config\Services::session(Object(Config\App), false)
#4 /Users/jinxingle/Documents/code/github_project/codeigniter4-AdminLTE/system/Config/Services.php(754): CodeIgniter\Config\BaseService::getSharedInstance('session', NULL)
#5 /Users/jinxingle/Documents/code/github_project/codeigniter4-AdminLTE/system/Common.php(879): CodeIgniter\Config\Services::session()
#6 /Users/jinxingle/Documents/code/github_project/codeigniter4-AdminLTE/app/Controllers/admin/ManageController.php(52): session('a_id')
#7 /Users/jinxingle/Documents/code/github_project/codeigniter4-AdminLTE/system/CodeIgniter.php(910): App\Controllers\admin\ManageController->login()
#8 /Users/jinxingle/Documents/code/github_project/codeigniter4-AdminLTE/system/CodeIgniter.php(398): CodeIgniter\CodeIgniter->runController(Object(App\Controllers\admin\ManageController))
#9 /Users/jinxingle/Documents/code/github_project/codeigniter4-AdminLTE/system/CodeIgniter.php(306): CodeIgniter\CodeIgniter->handleRequest(NULL, Object(Config\Cache), false)
#10 /Users/jinxingle/Documents/code/github_project/codeigniter4-AdminLTE/public/index.php(45): CodeIgniter\CodeIgniter->run()
#11 {main}
CRITICAL - 2020-06-12 22:01:29 --> Uncaught ErrorException: Cannot modify header information - headers already sent by (output started at /Users/jinxingle/Documents/code/github_project/codeigniter4-AdminLTE/app/Config/Events.php:27) in /Users/jinxingle/Documents/code/github_project/codeigniter4-AdminLTE/system/Debug/Exceptions.php:161
Stack trace:
#0 [internal function]: CodeIgniter\Debug\Exceptions->errorHandler(2, 'Cannot modify h...', '/Users/jinxingl...', 161, Array)
#1 /Users/jinxingle/Documents/code/github_project/codeigniter4-AdminLTE/system/Debug/Exceptions.php(161): header('HTTP/1.1 500 In...', true, 500)
#2 [internal function]: CodeIgniter\Debug\Exceptions->exceptionHandler(Object(ErrorException))
#3 {main}
  thrown
#0 [internal function]: CodeIgniter\Debug\Exceptions->shutdownHandler()
#1 {main}
CRITICAL - 2020-06-12 23:54:53 --> ini_set(): Headers already sent. You cannot change the session module's ini settings at this time
#0 [internal function]: CodeIgniter\Debug\Exceptions->errorHandler(2, 'ini_set(): Head...', '/Users/jinxingl...', 301, Array)
#1 /Users/jinxingle/Documents/code/github_project/codeigniter4-AdminLTE/system/Session/Session.php(301): ini_set('session.name', 'ci_session')
#2 /Users/jinxingle/Documents/code/github_project/codeigniter4-AdminLTE/system/Session/Session.php(225): CodeIgniter\Session\Session->configure()
#3 /Users/jinxingle/Documents/code/github_project/codeigniter4-AdminLTE/system/Config/Services.php(773): CodeIgniter\Session\Session->start()
#4 /Users/jinxingle/Documents/code/github_project/codeigniter4-AdminLTE/system/Config/BaseService.php(123): CodeIgniter\Config\Services::session(Object(Config\App), false)
#5 /Users/jinxingle/Documents/code/github_project/codeigniter4-AdminLTE/system/Config/Services.php(754): CodeIgniter\Config\BaseService::getSharedInstance('session', NULL)
#6 /Users/jinxingle/Documents/code/github_project/codeigniter4-AdminLTE/system/Common.php(879): CodeIgniter\Config\Services::session()
#7 /Users/jinxingle/Documents/code/github_project/codeigniter4-AdminLTE/app/Controllers/Home.php(7): session()
#8 /Users/jinxingle/Documents/code/github_project/codeigniter4-AdminLTE/system/CodeIgniter.php(910): App\Controllers\Home->index()
#9 /Users/jinxingle/Documents/code/github_project/codeigniter4-AdminLTE/system/CodeIgniter.php(398): CodeIgniter\CodeIgniter->runController(Object(App\Controllers\Home))
#10 /Users/jinxingle/Documents/code/github_project/codeigniter4-AdminLTE/system/CodeIgniter.php(306): CodeIgniter\CodeIgniter->handleRequest(NULL, Object(Config\Cache), false)
#11 /Users/jinxingle/Documents/code/github_project/codeigniter4-AdminLTE/public/index.php(45): CodeIgniter\CodeIgniter->run()
#12 {main}
CRITICAL - 2020-06-12 23:54:53 --> Uncaught ErrorException: Cannot modify header information - headers already sent by (output started at /Users/jinxingle/Documents/code/github_project/codeigniter4-AdminLTE/app/Config/Events.php:27) in /Users/jinxingle/Documents/code/github_project/codeigniter4-AdminLTE/system/Debug/Exceptions.php:161
Stack trace:
#0 [internal function]: CodeIgniter\Debug\Exceptions->errorHandler(2, 'Cannot modify h...', '/Users/jinxingl...', 161, Array)
#1 /Users/jinxingle/Documents/code/github_project/codeigniter4-AdminLTE/system/Debug/Exceptions.php(161): header('HTTP/1.1 500 In...', true, 500)
#2 [internal function]: CodeIgniter\Debug\Exceptions->exceptionHandler(Object(ErrorException))
#3 {main}
  thrown
#0 [internal function]: CodeIgniter\Debug\Exceptions->shutdownHandler()
#1 {main}
